<?xml version="1.0" encoding="UTF-8"?>
<testng-results skipped="0" failed="0" total="1" passed="1">
  <reporter-output>
  </reporter-output>
  <suite name="Default suite" duration-ms="1259" started-at="2016-09-23T01:38:32Z" finished-at="2016-09-23T01:38:33Z">
    <groups>
    </groups>
    <test name="Default test" duration-ms="1259" started-at="2016-09-23T01:38:32Z" finished-at="2016-09-23T01:38:33Z">
      <class name="com.mfzhang.service.TestService">
        <test-method status="PASS" signature="before()[pri:0, instance:com.mfzhang.service.TestService@52a86356]" name="before" is-config="true" duration-ms="1230" started-at="2016-09-23T09:38:32Z" finished-at="2016-09-23T09:38:33Z">
          <reporter-output>
          </reporter-output>
        </test-method> <!-- before -->
        <test-method status="PASS" signature="testThinker()[pri:0, instance:com.mfzhang.service.TestService@52a86356]" name="testThinker" duration-ms="13" started-at="2016-09-23T09:38:33Z" finished-at="2016-09-23T09:38:33Z">
          <reporter-output>
          </reporter-output>
        </test-method> <!-- testThinker -->
      </class> <!-- com.mfzhang.service.TestService -->
    </test> <!-- Default test -->
  </suite> <!-- Default suite -->
</testng-results>
