<?xml version="1.0" encoding="UTF-8"?>
<testng-results skipped="0" failed="0" total="1" passed="1">
  <reporter-output>
  </reporter-output>
  <suite name="Default suite" duration-ms="382" started-at="2016-09-08T01:56:13Z" finished-at="2016-09-08T01:56:14Z">
    <groups>
    </groups>
    <test name="Default test" duration-ms="382" started-at="2016-09-08T01:56:13Z" finished-at="2016-09-08T01:56:14Z">
      <class name="com.mfzhang.service.TestService">
        <test-method status="PASS" signature="testPerfomer()[pri:0, instance:com.mfzhang.service.TestService@55141def]" name="testPerfomer" duration-ms="359" started-at="2016-09-08T09:56:13Z" finished-at="2016-09-08T09:56:14Z">
          <reporter-output>
          </reporter-output>
        </test-method> <!-- testPerfomer -->
      </class> <!-- com.mfzhang.service.TestService -->
    </test> <!-- Default test -->
  </suite> <!-- Default suite -->
</testng-results>
